[14-Jun-2025 10:59:54 Asia/Kolkata] PHP Deprecated:  Constant FILTER_SANITIZE_STRING is deprecated in C:\xampp\htdocs\nishad\ajax.php on line 18
[14-Jun-2025 11:04:14 Asia/Kolkata] PHP Deprecated:  Constant FILTER_SANITIZE_STRING is deprecated in C:\xampp\htdocs\nishad\ajax.php on line 18
[14-Jun-2025 11:25:13 Asia/Kolkata] PHP Deprecated:  Constant FILTER_SANITIZE_STRING is deprecated in C:\xampp\htdocs\nishad\ajax.php on line 18
[14-Jun-2025 11:25:37 Asia/Kolkata] PHP Deprecated:  Constant FILTER_SANITIZE_STRING is deprecated in C:\xampp\htdocs\nishad\ajax.php on line 18
[14-Jun-2025 11:26:01 Asia/Kolkata] PHP Deprecated:  Constant FILTER_SANITIZE_STRING is deprecated in C:\xampp\htdocs\nishad\ajax.php on line 18
[14-Jun-2025 11:26:22 Asia/Kolkata] PHP Deprecated:  Constant FILTER_SANITIZE_STRING is deprecated in C:\xampp\htdocs\nishad\ajax.php on line 18
[14-Jun-2025 11:26:38 Asia/Kolkata] PHP Deprecated:  Constant FILTER_SANITIZE_STRING is deprecated in C:\xampp\htdocs\nishad\ajax.php on line 18
[14-Jun-2025 11:27:54 Asia/Kolkata] PHP Deprecated:  Constant FILTER_SANITIZE_STRING is deprecated in C:\xampp\htdocs\nishad\ajax.php on line 18
[14-Jun-2025 11:28:05 Asia/Kolkata] PHP Deprecated:  Constant FILTER_SANITIZE_STRING is deprecated in C:\xampp\htdocs\nishad\ajax.php on line 18
[14-Jun-2025 11:30:15 Asia/Kolkata] PHP Deprecated:  Constant FILTER_SANITIZE_STRING is deprecated in C:\xampp\htdocs\nishad\ajax.php on line 18
[14-Jun-2025 11:32:42 Asia/Kolkata] PHP Deprecated:  Constant FILTER_SANITIZE_STRING is deprecated in C:\xampp\htdocs\nishad\ajax.php on line 18
[14-Jun-2025 11:36:11 Asia/Kolkata] PHP Deprecated:  Constant FILTER_SANITIZE_STRING is deprecated in C:\xampp\htdocs\nishad\ajax.php on line 18
[14-Jun-2025 11:37:49 Asia/Kolkata] PHP Deprecated:  Constant FILTER_SANITIZE_STRING is deprecated in C:\xampp\htdocs\nishad\ajax.php on line 18
[14-Jun-2025 11:37:49 Asia/Kolkata] PHP Fatal error:  Uncaught Error: Call to undefined method Action::save_user() in C:\xampp\htdocs\nishad\ajax.php:68
Stack trace:
#0 {main}
  thrown in C:\xampp\htdocs\nishad\ajax.php on line 68
[14-Jun-2025 11:40:36 Asia/Kolkata] PHP Deprecated:  Constant FILTER_SANITIZE_STRING is deprecated in C:\xampp\htdocs\nishad\ajax.php on line 18
[14-Jun-2025 11:40:36 Asia/Kolkata] PHP Fatal error:  Cannot redeclare Action::sanitizeInput() in C:\xampp\htdocs\nishad\admin_class.php on line 447
[14-Jun-2025 11:41:59 Asia/Kolkata] PHP Deprecated:  Constant FILTER_SANITIZE_STRING is deprecated in C:\xampp\htdocs\nishad\ajax.php on line 18
[14-Jun-2025 11:41:59 Asia/Kolkata] PHP Fatal error:  Cannot redeclare Action::sanitizePhone() in C:\xampp\htdocs\nishad\admin_class.php on line 452
[14-Jun-2025 11:43:25 Asia/Kolkata] PHP Deprecated:  Constant FILTER_SANITIZE_STRING is deprecated in C:\xampp\htdocs\nishad\ajax.php on line 18
[14-Jun-2025 11:48:56 Asia/Kolkata] PHP Deprecated:  Constant FILTER_SANITIZE_STRING is deprecated in C:\xampp\htdocs\nishad\ajax.php on line 18
[14-Jun-2025 11:50:43 Asia/Kolkata] PHP Deprecated:  Constant FILTER_SANITIZE_STRING is deprecated in C:\xampp\htdocs\nishad\ajax.php on line 18
[14-Jun-2025 11:50:51 Asia/Kolkata] PHP Deprecated:  Constant FILTER_SANITIZE_STRING is deprecated in C:\xampp\htdocs\nishad\ajax.php on line 18
[14-Jun-2025 11:50:58 Asia/Kolkata] PHP Deprecated:  Constant FILTER_SANITIZE_STRING is deprecated in C:\xampp\htdocs\nishad\ajax.php on line 18
[14-Jun-2025 11:50:59 Asia/Kolkata] PHP Deprecated:  Constant FILTER_SANITIZE_STRING is deprecated in C:\xampp\htdocs\nishad\ajax.php on line 18
[14-Jun-2025 11:50:59 Asia/Kolkata] PHP Deprecated:  Constant FILTER_SANITIZE_STRING is deprecated in C:\xampp\htdocs\nishad\ajax.php on line 18
[14-Jun-2025 11:50:59 Asia/Kolkata] PHP Deprecated:  Constant FILTER_SANITIZE_STRING is deprecated in C:\xampp\htdocs\nishad\ajax.php on line 18
[14-Jun-2025 11:50:59 Asia/Kolkata] PHP Deprecated:  Constant FILTER_SANITIZE_STRING is deprecated in C:\xampp\htdocs\nishad\ajax.php on line 18
[14-Jun-2025 11:51:56 Asia/Kolkata] PHP Deprecated:  Constant FILTER_SANITIZE_STRING is deprecated in C:\xampp\htdocs\nishad\ajax.php on line 18
[14-Jun-2025 11:54:35 Asia/Kolkata] PHP Deprecated:  Constant FILTER_SANITIZE_STRING is deprecated in C:\xampp\htdocs\nishad\ajax.php on line 18
[14-Jun-2025 11:54:47 Asia/Kolkata] PHP Deprecated:  Constant FILTER_SANITIZE_STRING is deprecated in C:\xampp\htdocs\nishad\ajax.php on line 18
[14-Jun-2025 11:55:21 Asia/Kolkata] PHP Deprecated:  Constant FILTER_SANITIZE_STRING is deprecated in C:\xampp\htdocs\nishad\ajax.php on line 18
[14-Jun-2025 11:58:25 Asia/Kolkata] PHP Deprecated:  Constant FILTER_SANITIZE_STRING is deprecated in C:\xampp\htdocs\nishad\ajax.php on line 18
[14-Jun-2025 11:59:16 Asia/Kolkata] PHP Deprecated:  Constant FILTER_SANITIZE_STRING is deprecated in C:\xampp\htdocs\nishad\ajax.php on line 18
[14-Jun-2025 11:59:16 Asia/Kolkata] User save error: Column 'area_id' cannot be null
[14-Jun-2025 12:04:13 Asia/Kolkata] PHP Deprecated:  Constant FILTER_SANITIZE_STRING is deprecated in C:\xampp\htdocs\nishad\ajax.php on line 18
[14-Jun-2025 12:04:13 Asia/Kolkata] User save error: Column 'area_id' cannot be null
[14-Jun-2025 12:08:25 Asia/Kolkata] PHP Deprecated:  Constant FILTER_SANITIZE_STRING is deprecated in C:\xampp\htdocs\nishad\ajax.php on line 18
[14-Jun-2025 12:08:58 Asia/Kolkata] PHP Deprecated:  Constant FILTER_SANITIZE_STRING is deprecated in C:\xampp\htdocs\nishad\ajax.php on line 18
[14-Jun-2025 12:12:11 Asia/Kolkata] PHP Deprecated:  Constant FILTER_SANITIZE_STRING is deprecated in C:\xampp\htdocs\nishad\ajax.php on line 18
[14-Jun-2025 12:19:30 Asia/Kolkata] PHP Deprecated:  Constant FILTER_SANITIZE_STRING is deprecated in C:\xampp\htdocs\nishad\ajax.php on line 18
[14-Jun-2025 12:19:42 Asia/Kolkata] PHP Deprecated:  Constant FILTER_SANITIZE_STRING is deprecated in C:\xampp\htdocs\nishad\ajax.php on line 18
[14-Jun-2025 12:30:58 Asia/Kolkata] PHP Deprecated:  Constant FILTER_SANITIZE_STRING is deprecated in C:\xampp\htdocs\nishad\ajax.php on line 18
[14-Jun-2025 12:31:12 Asia/Kolkata] PHP Deprecated:  Constant FILTER_SANITIZE_STRING is deprecated in C:\xampp\htdocs\nishad\ajax.php on line 18
[14-Jun-2025 12:32:20 Asia/Kolkata] PHP Deprecated:  Constant FILTER_SANITIZE_STRING is deprecated in C:\xampp\htdocs\nishad\ajax.php on line 18
[14-Jun-2025 12:36:13 Asia/Kolkata] PHP Deprecated:  Constant FILTER_SANITIZE_STRING is deprecated in C:\xampp\htdocs\nishad\ajax.php on line 18
[14-Jun-2025 12:36:13 Asia/Kolkata] User save error: Phone number already registered
[14-Jun-2025 12:48:42 Asia/Kolkata] PHP Deprecated:  Constant FILTER_SANITIZE_STRING is deprecated in C:\xampp\htdocs\nishad\ajax.php on line 18
[14-Jun-2025 12:48:52 Asia/Kolkata] PHP Deprecated:  Constant FILTER_SANITIZE_STRING is deprecated in C:\xampp\htdocs\nishad\ajax.php on line 18
[14-Jun-2025 12:54:35 Asia/Kolkata] PHP Deprecated:  Constant FILTER_SANITIZE_STRING is deprecated in C:\xampp\htdocs\nishad\ajax.php on line 18
[14-Jun-2025 12:56:44 Asia/Kolkata] PHP Deprecated:  Constant FILTER_SANITIZE_STRING is deprecated in C:\xampp\htdocs\nishad\ajax.php on line 18
[14-Jun-2025 12:56:46 Asia/Kolkata] PHP Deprecated:  Constant FILTER_SANITIZE_STRING is deprecated in C:\xampp\htdocs\nishad\ajax.php on line 18
[14-Jun-2025 12:56:53 Asia/Kolkata] PHP Deprecated:  Constant FILTER_SANITIZE_STRING is deprecated in C:\xampp\htdocs\nishad\ajax.php on line 18
[14-Jun-2025 12:56:54 Asia/Kolkata] PHP Deprecated:  Constant FILTER_SANITIZE_STRING is deprecated in C:\xampp\htdocs\nishad\ajax.php on line 18
[14-Jun-2025 12:57:02 Asia/Kolkata] PHP Deprecated:  Constant FILTER_SANITIZE_STRING is deprecated in C:\xampp\htdocs\nishad\ajax.php on line 18
[14-Jun-2025 13:03:01 Asia/Kolkata] PHP Deprecated:  Constant FILTER_SANITIZE_STRING is deprecated in C:\xampp\htdocs\nishad\ajax.php on line 18
[14-Jun-2025 13:04:31 Asia/Kolkata] PHP Deprecated:  Constant FILTER_SANITIZE_STRING is deprecated in C:\xampp\htdocs\nishad\ajax.php on line 18
[14-Jun-2025 13:08:43 Asia/Kolkata] PHP Deprecated:  Constant FILTER_SANITIZE_STRING is deprecated in C:\xampp\htdocs\nishad\ajax.php on line 18
[14-Jun-2025 13:09:50 Asia/Kolkata] PHP Deprecated:  Constant FILTER_SANITIZE_STRING is deprecated in C:\xampp\htdocs\nishad\ajax.php on line 18
[14-Jun-2025 13:19:34 Asia/Kolkata] PHP Deprecated:  Constant FILTER_SANITIZE_STRING is deprecated in C:\xampp\htdocs\nishad\ajax.php on line 18
[14-Jun-2025 13:23:56 Asia/Kolkata] PHP Deprecated:  Constant FILTER_SANITIZE_STRING is deprecated in C:\xampp\htdocs\nishad\ajax.php on line 18
[14-Jun-2025 13:24:51 Asia/Kolkata] PHP Deprecated:  Constant FILTER_SANITIZE_STRING is deprecated in C:\xampp\htdocs\nishad\ajax.php on line 18
[14-Jun-2025 14:20:51 Asia/Kolkata] PHP Deprecated:  Constant FILTER_SANITIZE_STRING is deprecated in C:\xampp\htdocs\nishad\ajax.php on line 18
[14-Jun-2025 14:21:27 Asia/Kolkata] PHP Deprecated:  Constant FILTER_SANITIZE_STRING is deprecated in C:\xampp\htdocs\nishad\ajax.php on line 18
[14-Jun-2025 21:45:02 Asia/Kolkata] PHP Deprecated:  Constant FILTER_SANITIZE_STRING is deprecated in C:\xampp\htdocs\nishad\ajax.php on line 18
[14-Jun-2025 22:55:56 Asia/Kolkata] PHP Deprecated:  Constant FILTER_SANITIZE_STRING is deprecated in C:\xampp\htdocs\nishad\ajax.php on line 18
[15-Jun-2025 08:48:22 Asia/Kolkata] PHP Deprecated:  Constant FILTER_SANITIZE_STRING is deprecated in C:\xampp\htdocs\nishad\ajax.php on line 18
[15-Jun-2025 10:49:39 Asia/Kolkata] PHP Deprecated:  Constant FILTER_SANITIZE_STRING is deprecated in C:\xampp\htdocs\nishad\ajax.php on line 18
[15-Jun-2025 10:53:40 Asia/Kolkata] PHP Deprecated:  Constant FILTER_SANITIZE_STRING is deprecated in C:\xampp\htdocs\nishad\ajax.php on line 18
[15-Jun-2025 10:53:46 Asia/Kolkata] PHP Deprecated:  Constant FILTER_SANITIZE_STRING is deprecated in C:\xampp\htdocs\nishad\ajax.php on line 18
[15-Jun-2025 10:55:28 Asia/Kolkata] PHP Deprecated:  Constant FILTER_SANITIZE_STRING is deprecated in C:\xampp\htdocs\nishad\ajax.php on line 18
[15-Jun-2025 11:02:20 Asia/Kolkata] PHP Deprecated:  Constant FILTER_SANITIZE_STRING is deprecated in C:\xampp\htdocs\nishad\ajax.php on line 18
[15-Jun-2025 11:02:33 Asia/Kolkata] PHP Deprecated:  Constant FILTER_SANITIZE_STRING is deprecated in C:\xampp\htdocs\nishad\ajax.php on line 18
[15-Jun-2025 11:03:46 Asia/Kolkata] PHP Deprecated:  Constant FILTER_SANITIZE_STRING is deprecated in C:\xampp\htdocs\nishad\ajax.php on line 18
[15-Jun-2025 11:10:37 Asia/Kolkata] PHP Deprecated:  Constant FILTER_SANITIZE_STRING is deprecated in C:\xampp\htdocs\nishad\ajax.php on line 18
[15-Jun-2025 11:11:43 Asia/Kolkata] PHP Deprecated:  Constant FILTER_SANITIZE_STRING is deprecated in C:\xampp\htdocs\nishad\ajax.php on line 18
[15-Jun-2025 11:11:53 Asia/Kolkata] PHP Deprecated:  Constant FILTER_SANITIZE_STRING is deprecated in C:\xampp\htdocs\nishad\ajax.php on line 18
[15-Jun-2025 11:17:01 Asia/Kolkata] PHP Deprecated:  Constant FILTER_SANITIZE_STRING is deprecated in C:\xampp\htdocs\nishad\ajax.php on line 18
[15-Jun-2025 11:17:21 Asia/Kolkata] PHP Deprecated:  Constant FILTER_SANITIZE_STRING is deprecated in C:\xampp\htdocs\nishad\ajax.php on line 18
[15-Jun-2025 11:17:40 Asia/Kolkata] PHP Deprecated:  Constant FILTER_SANITIZE_STRING is deprecated in C:\xampp\htdocs\nishad\ajax.php on line 18
[15-Jun-2025 11:19:13 Asia/Kolkata] PHP Deprecated:  Constant FILTER_SANITIZE_STRING is deprecated in C:\xampp\htdocs\nishad\ajax.php on line 18
[15-Jun-2025 11:19:21 Asia/Kolkata] PHP Deprecated:  Constant FILTER_SANITIZE_STRING is deprecated in C:\xampp\htdocs\nishad\ajax.php on line 18
[15-Jun-2025 11:20:09 Asia/Kolkata] PHP Deprecated:  Constant FILTER_SANITIZE_STRING is deprecated in C:\xampp\htdocs\nishad\ajax.php on line 18
[15-Jun-2025 11:20:26 Asia/Kolkata] PHP Deprecated:  Constant FILTER_SANITIZE_STRING is deprecated in C:\xampp\htdocs\nishad\ajax.php on line 18
[15-Jun-2025 11:58:57 Asia/Kolkata] PHP Deprecated:  Constant FILTER_SANITIZE_STRING is deprecated in C:\xampp\htdocs\nishad\ajax.php on line 18
[15-Jun-2025 11:58:57 Asia/Kolkata] Exception in handler: Cannot delete or update a parent row: a foreign key constraint fails (`ncrm_db`.`users`, CONSTRAINT `users_ibfk_4` FOREIGN KEY (`member_id`) REFERENCES `members` (`id`))
[15-Jun-2025 11:59:02 Asia/Kolkata] PHP Deprecated:  Constant FILTER_SANITIZE_STRING is deprecated in C:\xampp\htdocs\nishad\ajax.php on line 18
[15-Jun-2025 11:59:02 Asia/Kolkata] Exception in handler: Cannot delete or update a parent row: a foreign key constraint fails (`ncrm_db`.`users`, CONSTRAINT `users_ibfk_4` FOREIGN KEY (`member_id`) REFERENCES `members` (`id`))
[15-Jun-2025 11:59:08 Asia/Kolkata] PHP Deprecated:  Constant FILTER_SANITIZE_STRING is deprecated in C:\xampp\htdocs\nishad\ajax.php on line 18
[15-Jun-2025 11:59:08 Asia/Kolkata] Exception in handler: Cannot delete or update a parent row: a foreign key constraint fails (`ncrm_db`.`users`, CONSTRAINT `users_ibfk_4` FOREIGN KEY (`member_id`) REFERENCES `members` (`id`))
[15-Jun-2025 11:59:12 Asia/Kolkata] PHP Deprecated:  Constant FILTER_SANITIZE_STRING is deprecated in C:\xampp\htdocs\nishad\ajax.php on line 18
[15-Jun-2025 11:59:19 Asia/Kolkata] PHP Deprecated:  Constant FILTER_SANITIZE_STRING is deprecated in C:\xampp\htdocs\nishad\ajax.php on line 18
[15-Jun-2025 12:04:35 Asia/Kolkata] PHP Deprecated:  Constant FILTER_SANITIZE_STRING is deprecated in C:\xampp\htdocs\nishad\ajax.php on line 18
[15-Jun-2025 12:07:52 Asia/Kolkata] PHP Deprecated:  Constant FILTER_SANITIZE_STRING is deprecated in C:\xampp\htdocs\nishad\ajax.php on line 18
